<?xml version="1.0" encoding="UTF-8"?>
<!-- Generated by org.testng.reporters.JUnitXMLReporter -->
<testsuite hostname="DESKTOP-9LAT9CH" ignored="2" name="Amazon Order" tests="1" failures="1" timestamp="23 Nov 2018 07:02:09 GMT" time="0.06" errors="0">
  <testcase name="Init" time="0.032" classname="test.BookShoping">
    <failure type="java.lang.NullPointerException">
      <![CDATA[java.lang.NullPointerException
at org.openqa.selenium.support.pagefactory.DefaultElementLocator.findElement(DefaultElementLocator.java:69)
at org.openqa.selenium.support.pagefactory.internal.LocatingElementHandler.invoke(LocatingElementHandler.java:38)
at com.sun.proxy.$Proxy9.clear(Unknown Source)
at pages.BookShopingPage.setBookName(BookShopingPage.java:57)
at test.BookShoping.Init(BookShoping.java:24)
... Removed 25 stack frames]]>
    </failure>
  </testcase> <!-- Init -->
  <testcase name="@BeforeSuite beforeSuit" time="0.0" classname="test.BaseTest">
    <ignored/>
  </testcase> <!-- @BeforeSuite beforeSuit -->
  <testcase name="@AfterSuite afterSuit" time="0.0" classname="test.BaseTest">
    <ignored/>
  </testcase> <!-- @AfterSuite afterSuit -->
</testsuite> <!-- Amazon Order -->
