<?xml version="1.0" encoding="UTF-8"?>
<testng-results skipped="0" failed="0" ignored="0" total="1" passed="1">
  <reporter-output>
  </reporter-output>
  <suite name="Default suite" duration-ms="108994" started-at="2018-11-23T07:02:42Z" finished-at="2018-11-23T07:04:31Z">
    <groups>
    </groups>
    <test name="Default test" duration-ms="108994" started-at="2018-11-23T07:02:42Z" finished-at="2018-11-23T07:04:31Z">
      <class name="test.BookShoping">
        <test-method status="PASS" signature="beforeSuit()[pri:0, instance:test.BookShoping@2b98378d]" name="beforeSuit" is-config="true" duration-ms="9528" started-at="2018-11-23T07:02:33Z" finished-at="2018-11-23T07:02:42Z">
          <reporter-output>
          </reporter-output>
        </test-method> <!-- beforeSuit -->
        <test-method status="PASS" signature="Init()[pri:0, instance:test.BookShoping@2b98378d]" name="Init" duration-ms="108968" started-at="2018-11-23T07:02:42Z" finished-at="2018-11-23T07:04:31Z">
          <reporter-output>
          </reporter-output>
        </test-method> <!-- Init -->
        <test-method status="PASS" signature="afterSuit()[pri:0, instance:test.BookShoping@2b98378d]" name="afterSuit" is-config="true" duration-ms="827" started-at="2018-11-23T07:04:31Z" finished-at="2018-11-23T07:04:32Z">
          <reporter-output>
          </reporter-output>
        </test-method> <!-- afterSuit -->
      </class> <!-- test.BookShoping -->
    </test> <!-- Default test -->
  </suite> <!-- Default suite -->
</testng-results>
